     1                                  ; hellos
     2                                  ; TAB=4
     3                                  
     4                                      ORG     0x7c00
     5                                  
     6                                  ; disk
     7 00000000 EB4E                        JMP     entry
     8 00000002 90                          DB      0x90
     9 00000003 48454C4C4F49504C            DB      "HELLOIPL"      ; ブートセクタの名前(8バイト)
    10 0000000B 0002                        DW      512             ; 1セクタの大きさ
    11 0000000D 01                          DB      1               ; クラスタの大きさ
    12 0000000E 0100                        DW      1               ; FATの始まりの位置
    13 00000010 02                          DB      2               ; FAT個数(2にしなければならない)
    14 00000011 E000                        DW      224             ; ルートディレクトリの大きさ(通常は224エントリ)
    15 00000013 400B                        DW      2880            ; このドライブの大きさ(2880にしなければならない)
    16 00000015 F0                          DB      0xf0            ; メディアタイプ(0xf0にせねばならない)
    17 00000016 0900                        DW      9               ; FAT領域の長さ(9にせねばならない)
    18 00000018 1200                        DW      18              ; 1トラックにいくつのセクタが存在するか(18にせねばならない)
    19 0000001A 0200                        DW      2               ; ヘッドの数(2にせねばならない)
    20 0000001C 00000000                    DD      0               ; パーティションを使用していないので0
    21 00000020 400B0000                    DD      2880            ; このドライブの大きさをもう一度
    22 00000024 000029                      DB      0,0,0x29        ; この値にしておくと幸せになれるらしい……？
    23 00000027 FFFFFFFF                    DD      0xffffffff      ; おそらくボリュームシリアル番号
    24 0000002B 48454C4C4F53202020-         DB      "HELLOS     "   ; ディスク名称(11バイト)
    24 00000034 2020               
    25 00000036 4641543132202020            DB      "FAT12   "      ; フォーマットの名前(8バイト)
    26 0000003E <res 00000012>              RESB    18              ; とりあえず18バイト空けておくらしい
    26          ******************       warning: uninitialized space declared in .text section: zeroing
    27                                  
    28                                  ; プログラム本体
    29                                      ; DB      0xb8, 0x00, 0x00, 0x8e, 0xd0, 0xbc, 0x00, 0x7c
    30                                      ; DB      0x8e, 0xd8, 0x8e, 0xc0, 0xbe, 0x74, 0x7c, 0x8a
    31                                      ; DB      0x04, 0x83, 0xc6, 0x01, 0x3c, 0x00, 0x74, 0x09
    32                                      ; DB      0xb4, 0x0e, 0xbb, 0x0f, 0x00, 0xcd, 0x10, 0xeb
    33                                      ; DB      0xee, 0xf4, 0xeb, 0xfd
    34                                  entry:
    35 00000050 B80000                      MOV     AX, 0           ; レジスタ初期化
    36 00000053 8ED0                        MOV     SS, AX
    37 00000055 BC007C                      MOV     SP, 0x7c00
    38 00000058 8ED8                        MOV     DS, AX
    39 0000005A 8EC0                        MOV     ES, AX
    40                                  
    41 0000005C BE[7400]                    MOV     SI, msg
    42                                  
    43                                  putloop:
    44 0000005F 8A04                        MOV     AL, [SI]
    45 00000061 83C601                      ADD     SI, 1
    46 00000064 3C00                        CMP     AL, 0
    47 00000066 7409                        JE      fin
    48 00000068 B40E                        MOV     AH, 0x0e        ; 一文字表示ファンクション
    49 0000006A BB0F00                      MOV     BX, 15          ; カラーコード
    50 0000006D CD10                        INT     0x10            ; ビデオBIOS呼び出し(INTは割り込みという意味らしい)
    51 0000006F EBEE                        JMP     putloop
    52                                  
    53                                  fin:
    54 00000071 F4                          HLT                     ; 何かあるまでCPU停止
    55 00000072 EBFD                        JMP     fin             ; 無限ループ
    56                                  
    57                                  ; メッセージ部分
    58                                  msg:
    59 00000074 0A0A                        DB      0x0a, 0x0a      ; 改行 * 2
    60 00000076 68656C6C6F2C20776F-         DB      "hello, world"
    60 0000007F 726C64             
    61 00000082 0A                          DB      0x0a            ; 改行
    62 00000083 00                          DB      0
    63                                      
    64                                      ; RESB    0x1fe-$         ; 0x001feまでを0x00で埋める命令  ←この方法だと動かなかった！僕の環境だけ？
    65 00000084 <res 0000017A>              RESB    0x1fe-($-$$)
    65          ******************       warning: uninitialized space declared in .text section: zeroing
    66                                  
    67                                  
    68 000001FE 55AA                        DB      0x55, 0xaa
    69                                  
    70                                  ; 以下はブートセクタ以外の部分の記述
    71 00000200 F0FFFF0000000000            DB      0xf0, 0xff, 0xff, 0x00, 0x00, 0x00, 0x00, 0x00
    72 00000208 <res 000011F8>              RESB    4600
    72          ******************       warning: uninitialized space declared in .text section: zeroing
    73 00001400 F0FFFF0000000000            DB      0xf0, 0xff, 0xff, 0x00, 0x00, 0x00, 0x00, 0x00
    74 00001408 <res 00166BF8>              RESB    1469432
    74          ******************       warning: uninitialized space declared in .text section: zeroing
