     1                                  ; haribote-ipl10
     2                                  ; TAB=4
     3                                  
     4                                  CYLS EQU 10                 ; CYLS = 10と定義する
     5                                  
     6                                      ORG     0x7c00
     7                                  
     8                                  ; disk
     9 00000000 EB4E                        JMP     SHORT   entry
    10 00000002 90                          DB      0x90
    11 00000003 48415249424F5445            DB      "HARIBOTE"      ; ブートセクタの名前(8バイト)
    12 0000000B 0002                        DW      512             ; 1セクタの大きさ
    13 0000000D 01                          DB      1               ; クラスタの大きさ
    14 0000000E 0100                        DW      1               ; FATの始まりの位置
    15 00000010 02                          DB      2               ; FAT個数(2にしなければならない)
    16 00000011 E000                        DW      224             ; ルートディレクトリの大きさ(通常は224エントリ)
    17 00000013 400B                        DW      2880            ; このドライブの大きさ(2880にしなければならない)
    18 00000015 F0                          DB      0xf0            ; メディアタイプ(0xf0にせねばならない)
    19 00000016 0900                        DW      9               ; FAT領域の長さ(9にせねばならない)
    20 00000018 1200                        DW      18              ; 1トラックにいくつのセクタが存在するか(18にせねばならない)
    21 0000001A 0200                        DW      2               ; ヘッドの数(2にせねばならない)
    22 0000001C 00000000                    DD      0               ; パーティションを使用していないので0
    23 00000020 400B0000                    DD      2880            ; このドライブの大きさをもう一度
    24                                  
    25                                      ; FAT12/16におけるオフセット36以降のフィールド
    26                                      ; DB      0,0,0x29        ; この値にしておくと幸せになれるらしい……？
    27 00000024 00                          DB      0x00            ; BS_DrvNum
    28 00000025 00                          DB      0x00            ; BS_Reserved1
    29 00000026 29                          DB      0x29            ; BS_BootSig
    30                                  
    31                                  
    32 00000027 FFFFFFFF                    DD      0xffffffff      ; おそらくボリュームシリアル番号
    33 0000002B 48415249424F54454F-         DB      "HARIBOTEOS "   ; ディスク名称(11バイト)
    33 00000034 5320               
    34 00000036 4641543132202020            DB      "FAT12   "      ; フォーマットの名前(8バイト)
    35 0000003E 00<rept>                    TIMES   18      DB    0 ; とりあえず18バイト空けておくらしい
    36                                  
    37                                  ; Start BS_BootCode 64(0x14)    448(0x1C0)
    38                                  entry:
    39 00000050 B80000                      MOV     AX, 0           ; レジスタ初期化
    40 00000053 8ED0                        MOV     SS, AX
    41 00000055 BC007C                      MOV     SP, 0x7c00
    42 00000058 8ED8                        MOV     DS, AX
    43                                  
    44                                  ; ディスクを読む
    45 0000005A B82008                      MOV     AX, 0x0820
    46 0000005D 8EC0                        MOV     ES, AX
    47 0000005F B500                        MOV     CH, 0           ; シリンダ0
    48 00000061 B600                        MOV     DH, 0           ; ヘッド0
    49 00000063 B102                        MOV     CL, 2           ; セクタ2
    50                                  
    51                                  readloop:
    52 00000065 BE0000                      MOV     SI, 0           ; 失敗回数のリセット
    53                                  
    54                                  retry:
    55 00000068 B402                        MOV     AH, 0x02        ; AH = 0x02 : ディスク読み込み  INT命令用
    56 0000006A B001                        MOV     AL, 1           ; 1セクタ
    57 0000006C BB0000                      MOV     BX, 0
    58                                  
    59 0000006F B200                        MOV     DL, 0x00        ; Aドライブ
    60 00000071 CD13                        INT     0x13            ; ディスクBIOS呼び出し
    61 00000073 7310                        JNC     next            ; エラーなければnext
    62                                  
    63 00000075 83C601                      ADD     SI, 1           ; SIレジスタ + 1
    64 00000078 83FE05                      CMP     SI, 5           ; SIと5を比較
    65 0000007B 7332                        JAE     error           ; SI >= 5の場合errorへ
    66                                  
    67 0000007D B400                        MOV     AH, 0x00        ; INT命令用
    68 0000007F B200                        MOV     DL, 0x00        ; ドライブ番号0
    69 00000081 CD13                        INT     0x13            ; discBIOSを呼び出す
    70 00000083 EBE3                        JMP     retry
    71                                  
    72                                  next:
    73 00000085 8CC0                        MOV     AX, ES          ; アドレスを0x200(512 = 1セクタ分進める)
    74 00000087 83C020                      ADD     AX, 0x0020
    75 0000008A 8EC0                        MOV     ES, AX          ; ADD ES, 200という命令がない
    76                                  
    77 0000008C 80C101                      ADD     CL, 1           ; セクタ番号を1増やす
    78 0000008F 80F912                      CMP     CL, 18          ; CLと18を比較
    79 00000092 76D1                        JBE     readloop        ; CL <= 18の場合readloopへ
    80                                  
    81                                      ; ディスクの裏面
    82 00000094 B101                        MOV     CL, 1
    83 00000096 80C601                      ADD     DH, 1           ; ヘッダ番号を1増やす
    84 00000099 80FE02                      CMP     DH, 2           ; DHと2を比較
    85 0000009C 72C7                        JB      readloop        ; DH < 2の時readloopへ
    86                                  
    87 0000009E B600                        MOV     DH, 0           ; DH = 0
    88 000000A0 80C501                      ADD     CH, 1           ; シリンダ番号を1増やす
    89 000000A3 80FD0A                      CMP     CH, CYLS        ; CHとCYLS(=10)を比較
    90 000000A6 72BD                        JB      readloop        ; CH < CYLSの時readloop
    91                                  
    92                                      ; ブートセクタの読み込みが終わったのでOSの実行
    93 000000A8 882EF00F                    MOV     [0x0ff0], CH    ; IPLがどこまで読んだのかメモ
    94 000000AC E9(00C2)                    JMP     0xc200
    95                                  
    96                                  error:
    97 000000AF BE[C700]                    MOV     SI, msg
    98                                  
    99                                  putloop:
   100 000000B2 8A04                        MOV     AL, [SI]
   101 000000B4 83C601                      ADD     SI, 1
   102 000000B7 3C00                        CMP     AL, 0
   103 000000B9 7409                        JE      fin
   104                                  
   105 000000BB B40E                        MOV     AH, 0x0e        ; 一文字表示ファンクション
   106 000000BD BB0F00                      MOV     BX, 15          ; カラーコード
   107 000000C0 CD10                        INT     0x10            ; ビデオBIOS呼び出し(INTは割り込みという意味らしい)
   108 000000C2 EBEE                        JMP     putloop
   109                                  
   110                                  fin:
   111 000000C4 F4                          HLT                     ; 何かあるまでCPU停止
   112 000000C5 EBFD                        JMP     fin             ; 無限ループ
   113                                  
   114                                  ; メッセージ部分
   115                                  msg:
   116 000000C7 0A0A                        DB      0x0a, 0x0a      ; 改行 * 2
   117 000000C9 6C6F6164206572726F-         DB      "load error"
   117 000000D2 72                 
   118 000000D3 0A                          DB      0x0a            ; 改行
   119 000000D4 00                          DB      0
   120                                      
   121                                      ; RESB    0x1fe-$         ; 0x001feまでを0x00で埋める命令  ←この方法だと動かなかった！僕の環境だけ？
   122 000000D5 00<rept>                    TIMES   0x7dfe - 0x7c00 - ($-$$)    DB  0
   123                                      ; TIMES   0x7dfe-0x7c00-($-$$)    DB      0
   124                                  
   125                                  
   126 000001FE 55AA                        DB      0x55, 0xaa
