     1 00000000                                 ; ; haribote-os boot asm
     2 00000000                                 ; ; TAB=4
     3 00000000                                 
     4 00000000                                 ; BOTPAK	EQU		0x00280000		; bootpackのロード先
     5 00000000                                 ; DSKCAC	EQU		0x00100000		; ディスクキャッシュの場所
     6 00000000                                 ; DSKCAC0	EQU		0x00008000		; ディスクキャッシュの場所（リアルモード）
     7 00000000                                 
     8 00000000                                 ; ; BOOT_INFO関係
     9 00000000                                 ; CYLS	EQU		0x0ff0			; ブートセクタが設定する
    10 00000000                                 ; LEDS	EQU		0x0ff1
    11 00000000                                 ; VMODE	EQU		0x0ff2			; 色数に関する情報。何ビットカラーか？
    12 00000000                                 ; SCRNX	EQU		0x0ff4			; 解像度のX
    13 00000000                                 ; SCRNY	EQU		0x0ff6			; 解像度のY
    14 00000000                                 ; VRAM	EQU		0x0ff8			; グラフィックバッファの開始番地
    15 00000000                                 
    16 00000000                                 ; 		ORG		0xc200			; このプログラムがどこに読み込まれるのか
    17 00000000                                 
    18 00000000                                 ; ; 画面モードを設定
    19 00000000                                 
    20 00000000                                 ; 		MOV		AL,0x13			; VGAグラフィックス、320x200x8bitカラー
    21 00000000                                 ; 		MOV		AH,0x00
    22 00000000                                 ; 		INT		0x10
    23 00000000                                 ; 		MOV		BYTE [VMODE],8	; 画面モードをメモする（C言語が参照する）
    24 00000000                                 ; 		MOV		WORD [SCRNX],320
    25 00000000                                 ; 		MOV		WORD [SCRNY],200
    26 00000000                                 ; 		MOV		DWORD [VRAM],0x000a0000
    27 00000000                                 
    28 00000000                                 ; ; キーボードのLED状態をBIOSに教えてもらう
    29 00000000                                 
    30 00000000                                 ; 		MOV		AH,0x02
    31 00000000                                 ; 		INT		0x16 			; keyboard BIOS
    32 00000000                                 ; 		MOV		[LEDS],AL
    33 00000000                                 
    34 00000000                                 ; ; PICが一切の割り込みを受け付けないようにする
    35 00000000                                 ; ;	AT互換機の仕様では、PICの初期化をするなら、
    36 00000000                                 ; ;	こいつをCLI前にやっておかないと、たまにハングアップする
    37 00000000                                 ; ;	PICの初期化はあとでやる
    38 00000000                                 
    39 00000000                                 ; 		MOV		AL,0xff
    40 00000000                                 ; 		OUT		0x21,AL
    41 00000000                                 ; 		NOP						; OUT命令を連続させるとうまくいかない機種があるらしいので
    42 00000000                                 ; 		OUT		0xa1,AL
    43 00000000                                 
    44 00000000                                 ; 		CLI						; さらにCPUレベルでも割り込み禁止
    45 00000000                                 
    46 00000000                                 ; ; CPUから1MB以上のメモリにアクセスできるように、A20GATEを設定
    47 00000000                                 
    48 00000000                                 ; 		CALL	waitkbdout
    49 00000000                                 ; 		MOV		AL,0xd1
    50 00000000                                 ; 		OUT		0x64,AL
    51 00000000                                 ; 		CALL	waitkbdout
    52 00000000                                 ; 		MOV		AL,0xdf			; enable A20
    53 00000000                                 ; 		OUT		0x60,AL
    54 00000000                                 ; 		CALL	waitkbdout
    55 00000000                                 
    56 00000000                                 ; ; プロテクトモード移行
    57 00000000                                 
    58 00000000                                 ; ; [INSTRSET "i486p"]				; 486の命令まで使いたいという記述
    59 00000000                                 
    60 00000000                                 ; 		LGDT	[GDTR0]			; 暫定GDTを設定
    61 00000000                                 ; 		MOV		EAX,CR0
    62 00000000                                 ; 		AND		EAX,0x7fffffff	; bit31を0にする（ページング禁止のため）
    63 00000000                                 ; 		OR		EAX,0x00000001	; bit0を1にする（プロテクトモード移行のため）
    64 00000000                                 ; 		MOV		CR0,EAX
    65 00000000                                 ; 		JMP		pipelineflush
    66 00000000                                 ; pipelineflush:
    67 00000000                                 ; 		MOV		AX,1*8			;  読み書き可能セグメント32bit
    68 00000000                                 ; 		MOV		DS,AX
    69 00000000                                 ; 		MOV		ES,AX
    70 00000000                                 ; 		MOV		FS,AX
    71 00000000                                 ; 		MOV		GS,AX
    72 00000000                                 ; 		MOV		SS,AX
    73 00000000                                 
    74 00000000                                 ; ; bootpackの転送
    75 00000000                                 
    76 00000000                                 ; 		MOV		ESI,bootpack	; 転送元
    77 00000000                                 ; 		MOV		EDI,BOTPAK		; 転送先
    78 00000000                                 ; 		MOV		ECX,512*1024/4
    79 00000000                                 ; 		CALL	memcpy
    80 00000000                                 
    81 00000000                                 ; ; ついでにディスクデータも本来の位置へ転送
    82 00000000                                 
    83 00000000                                 ; ; まずはブートセクタから
    84 00000000                                 
    85 00000000                                 ; 		MOV		ESI,0x7c00		; 転送元
    86 00000000                                 ; 		MOV		EDI,DSKCAC		; 転送先
    87 00000000                                 ; 		MOV		ECX,512/4
    88 00000000                                 ; 		CALL	memcpy
    89 00000000                                 
    90 00000000                                 ; ; 残り全部
    91 00000000                                 
    92 00000000                                 ; 		MOV		ESI,DSKCAC0+512	; 転送元
    93 00000000                                 ; 		MOV		EDI,DSKCAC+512	; 転送先
    94 00000000                                 ; 		MOV		ECX,0
    95 00000000                                 ; 		MOV		CL,BYTE [CYLS]
    96 00000000                                 ; 		IMUL	ECX,512*18*2/4	; シリンダ数からバイト数/4に変換
    97 00000000                                 ; 		SUB		ECX,512/4		; IPLの分だけ差し引く
    98 00000000                                 ; 		CALL	memcpy
    99 00000000                                 
   100 00000000                                 ; ; asmheadでしなければいけないことは全部し終わったので、
   101 00000000                                 ; ;	あとはbootpackに任せる
   102 00000000                                 
   103 00000000                                 ; ; bootpackの起動
   104 00000000                                 
   105 00000000                                 ; 		MOV		EBX,BOTPAK
   106 00000000                                 ; 		MOV		ECX,[EBX+16]
   107 00000000                                 ; 		ADD		ECX,3			; ECX += 3;
   108 00000000                                 ; 		SHR		ECX,2			; ECX /= 4;
   109 00000000                                 ; 		JZ		skip			; 転送するべきものがない
   110 00000000                                 ; 		MOV		ESI,[EBX+20]	; 転送元
   111 00000000                                 ; 		ADD		ESI,EBX
   112 00000000                                 ; 		MOV		EDI,[EBX+12]	; 転送先
   113 00000000                                 ; 		CALL	memcpy
   114 00000000                                 ; skip:
   115 00000000                                 ; 		MOV		ESP,[EBX+12]	; スタック初期値
   116 00000000                                 ; 		JMP		DWORD 2*8:0x0000001b
   117 00000000                                 
   118 00000000                                 ; waitkbdout:
   119 00000000                                 ; 		IN		 AL,0x64
   120 00000000                                 ; 		AND		 AL,0x02
   121 00000000                                 ; 		JNZ		waitkbdout		; ANDの結果が0でなければwaitkbdoutへ
   122 00000000                                 ; 		RET
   123 00000000                                 
   124 00000000                                 ; memcpy:
   125 00000000                                 ; 		MOV		EAX,[ESI]
   126 00000000                                 ; 		ADD		ESI,4
   127 00000000                                 ; 		MOV		[EDI],EAX
   128 00000000                                 ; 		ADD		EDI,4
   129 00000000                                 ; 		SUB		ECX,1
   130 00000000                                 ; 		JNZ		memcpy			; 引き算した結果が0でなければmemcpyへ
   131 00000000                                 ; 		RET
   132 00000000                                 ; ; memcpyはアドレスサイズプリフィクスを入れ忘れなければ、ストリング命令でも書ける
   133 00000000                                 
   134 00000000                                 ; 		ALIGNB	16
   135 00000000                                 ; GDT0:
   136 00000000                                 ; 		RESB	8				; ヌルセレクタ
   137 00000000                                 ; 		DW		0xffff,0x0000,0x9200,0x00cf	; 読み書き可能セグメント32bit
   138 00000000                                 ; 		DW		0xffff,0x0000,0x9a28,0x0047	; 実行可能セグメント32bit（bootpack用）
   139 00000000                                 
   140 00000000                                 ; 		DW		0
   141 00000000                                 ; GDTR0:
   142 00000000                                 ; 		DW		8*3-1
   143 00000000                                 ; 		DD		GDT0
   144 00000000                                 
   145 00000000                                 ; 		ALIGNB	16
   146 00000000                                 ; bootpack:
   147 00000000                                 
   148 00000000                                 
   149 00000000                                 ; haribote-os boot asm
   150 00000000                                 ; TAB=4
   151 00000000                                 
   152  = 00280000                              BOTPAK	EQU		0x00280000		; bootpackのロード先
   153  = 00100000                              DSKCAC	EQU		0x00100000		; ディスクキャッシュの場所
   154  = 00008000                              DSKCAC0	EQU		0x00008000		; ディスクキャッシュの場所（リアルモード）
   155 00000000                                 
   156 00000000                                 ; BOOT_INFO関係
   157  = 00000FF0                              CYLS	EQU		0x0ff0			; ブートセクタが設定する
   158  = 00000FF1                              LEDS	EQU		0x0ff1
   159  = 00000FF2                              VMODE	EQU		0x0ff2			; 色数に関する情報。何ビットカラーか？
   160  = 00000FF4                              SCRNX	EQU		0x0ff4			; 解像度のX
   161  = 00000FF6                              SCRNY	EQU		0x0ff6			; 解像度のY
   162  = 00000FF8                              VRAM	EQU		0x0ff8			; グラフィックバッファの開始番地
   163 00000000                                 
   164                                          		ORG		0xc200			; このプログラムがどこに読み込まれるのか
   165 0000C200                                 
   166 0000C200                                 ; 画面モードを設定
   167 0000C200                                 
   168 0000C200 B0 13                           		MOV		AL,0x13			; VGAグラフィックス、320x200x8bitカラー
   169 0000C202 B4 00                           		MOV		AH,0x00
   170 0000C204 CD 10                           		INT		0x10
   171 0000C206 C6 06 0FF2 08                   		MOV		BYTE [VMODE],8	; 画面モードをメモする（C言語が参照する）
   172 0000C20B C7 06 0FF4 0140                 		MOV		WORD [SCRNX],320
   173 0000C211 C7 06 0FF6 00C8                 		MOV		WORD [SCRNY],200
   174 0000C217 66 C7 06 0FF8 000A0000          		MOV		DWORD [VRAM],0x000a0000
   175 0000C220                                 
   176 0000C220                                 ; キーボードのLED状態をBIOSに教えてもらう
   177 0000C220                                 
   178 0000C220 B4 02                           		MOV		AH,0x02
   179 0000C222 CD 16                           		INT		0x16 			; keyboard BIOS
   180 0000C224 A2 0FF1                         		MOV		[LEDS],AL
   181 0000C227                                 
   182 0000C227                                 ; PICが一切の割り込みを受け付けないようにする
   183 0000C227                                 ;	AT互換機の仕様では、PICの初期化をするなら、
   184 0000C227                                 ;	こいつをCLI前にやっておかないと、たまにハングアップする
   185 0000C227                                 ;	PICの初期化はあとでやる
   186 0000C227                                 
   187 0000C227 B0 FF                           		MOV		AL,0xff
   188 0000C229 E6 21                           		OUT		0x21,AL
   189 0000C22B 90                              		NOP						; OUT命令を連続させるとうまくいかない機種があるらしいので
   190 0000C22C E6 A1                           		OUT		0xa1,AL
   191 0000C22E                                 
   192 0000C22E FA                              		CLI						; さらにCPUレベルでも割り込み禁止
   193 0000C22F                                 
   194 0000C22F                                 ; CPUから1MB以上のメモリにアクセスできるように、A20GATEを設定
   195 0000C22F                                 
   196 0000C22F E8 00B5                         		CALL	waitkbdout
   197 0000C232 B0 D1                           		MOV		AL,0xd1
   198 0000C234 E6 64                           		OUT		0x64,AL
   199 0000C236 E8 00AE                         		CALL	waitkbdout
   200 0000C239 B0 DF                           		MOV		AL,0xdf			; enable A20
   201 0000C23B E6 60                           		OUT		0x60,AL
   202 0000C23D E8 00A7                         		CALL	waitkbdout
   203 0000C240                                 
   204 0000C240                                 ; プロテクトモード移行
   205 0000C240                                 
   206 0000C240                                 [INSTRSET "i486p"]				; 486の命令まで使いたいという記述
   207 0000C240                                 
   208 0000C240 0F 01 16 C32A                   		LGDT	[GDTR0]			; 暫定GDTを設定
   209 0000C245 0F 20 C0                        		MOV		EAX,CR0
   210 0000C248 66 25 7FFFFFFF                  		AND		EAX,0x7fffffff	; bit31を0にする（ページング禁止のため）
   211 0000C24E 66 83 C8 01                     		OR		EAX,0x00000001	; bit0を1にする（プロテクトモード移行のため）
   212 0000C252 0F 22 C0                        		MOV		CR0,EAX
   213 0000C255 EB 00                           		JMP		pipelineflush
   214 0000C257                                 pipelineflush:
   215 0000C257 B8 0008                         		MOV		AX,1*8			;  読み書き可能セグメント32bit
   216 0000C25A 8E D8                           		MOV		DS,AX
   217 0000C25C 8E C0                           		MOV		ES,AX
   218 0000C25E 8E E0                           		MOV		FS,AX
   219 0000C260 8E E8                           		MOV		GS,AX
   220 0000C262 8E D0                           		MOV		SS,AX
   221 0000C264                                 
   222 0000C264                                 ; bootpackの転送
   223 0000C264                                 
   224 0000C264 66 BE 0000C330                  		MOV		ESI,bootpack	; 転送元
   225 0000C26A 66 BF 00280000                  		MOV		EDI,BOTPAK		; 転送先
   226 0000C270 66 B9 00020000                  		MOV		ECX,512*1024/4
   227 0000C276 E8 0075                         		CALL	memcpy
   228 0000C279                                 
   229 0000C279                                 ; ついでにディスクデータも本来の位置へ転送
   230 0000C279                                 
   231 0000C279                                 ; まずはブートセクタから
   232 0000C279                                 
   233 0000C279 66 BE 00007C00                  		MOV		ESI,0x7c00		; 転送元
   234 0000C27F 66 BF 00100000                  		MOV		EDI,DSKCAC		; 転送先
   235 0000C285 66 B9 00000080                  		MOV		ECX,512/4
   236 0000C28B E8 0060                         		CALL	memcpy
   237 0000C28E                                 
   238 0000C28E                                 ; 残り全部
   239 0000C28E                                 
   240 0000C28E 66 BE 00008200                  		MOV		ESI,DSKCAC0+512	; 転送元
   241 0000C294 66 BF 00100200                  		MOV		EDI,DSKCAC+512	; 転送先
   242 0000C29A 66 B9 00000000                  		MOV		ECX,0
   243 0000C2A0 8A 0E 0FF0                      		MOV		CL,BYTE [CYLS]
   244 0000C2A4 66 69 C9 00001200               		IMUL	ECX,512*18*2/4	; シリンダ数からバイト数/4に変換
   245 0000C2AB 66 81 E9 00000080               		SUB		ECX,512/4		; IPLの分だけ差し引く
   246 0000C2B2 E8 0039                         		CALL	memcpy
   247 0000C2B5                                 
   248 0000C2B5                                 ; asmheadでしなければいけないことは全部し終わったので、
   249 0000C2B5                                 ;	あとはbootpackに任せる
   250 0000C2B5                                 
   251 0000C2B5                                 ; bootpackの起動
   252 0000C2B5                                 
   253 0000C2B5 66 BB 00280000                  		MOV		EBX,BOTPAK
   254 0000C2BB 67 66 8B 4B 10                  		MOV		ECX,[EBX+16]
   255 0000C2C0 66 83 C1 03                     		ADD		ECX,3			; ECX += 3;
   256 0000C2C4 66 C1 E9 02                     		SHR		ECX,2			; ECX /= 4;
   257 0000C2C8 74 10                           		JZ		skip			; 転送するべきものがない
   258 0000C2CA 67 66 8B 73 14                  		MOV		ESI,[EBX+20]	; 転送元
   259 0000C2CF 66 01 DE                        		ADD		ESI,EBX
   260 0000C2D2 67 66 8B 7B 0C                  		MOV		EDI,[EBX+12]	; 転送先
   261 0000C2D7 E8 0014                         		CALL	memcpy
   262 0000C2DA                                 skip:
   263 0000C2DA 67 66 8B 63 0C                  		MOV		ESP,[EBX+12]	; スタック初期値
   264 0000C2DF 66 EA 0000001B 0010             		JMP		DWORD 2*8:0x0000001b
   265 0000C2E7                                 
   266 0000C2E7                                 waitkbdout:
   267 0000C2E7 E4 64                           		IN		 AL,0x64
   268 0000C2E9 24 02                           		AND		 AL,0x02
   269 0000C2EB 75 FA                           		JNZ		waitkbdout		; ANDの結果が0でなければwaitkbdoutへ
   270 0000C2ED C3                              		RET
   271 0000C2EE                                 
   272 0000C2EE                                 memcpy:
   273 0000C2EE 67 66 8B 06                     		MOV		EAX,[ESI]
   274 0000C2F2 66 83 C6 04                     		ADD		ESI,4
   275 0000C2F6 67 66 89 07                     		MOV		[EDI],EAX
   276 0000C2FA 66 83 C7 04                     		ADD		EDI,4
   277 0000C2FE 66 83 E9 01                     		SUB		ECX,1
   278 0000C302 75 EA                           		JNZ		memcpy			; 引き算した結果が0でなければmemcpyへ
   279 0000C304 C3                              		RET
   280 0000C305                                 ; memcpyはアドレスサイズプリフィクスを入れ忘れなければ、ストリング命令でも書ける
   281 0000C305                                 
   282 0000C305 00 00 00 00 00 00 00 00 00 00   		ALIGNB	16
       0000C30F 00 
   283 0000C310                                 GDT0:
   284 0000C310 00 00 00 00 00 00 00 00         		RESB	8				; ヌルセレクタ
   285 0000C318 FFFF 0000 9200 00CF             		DW		0xffff,0x0000,0x9200,0x00cf	; 読み書き可能セグメント32bit
   286 0000C320 FFFF 0000 9A28 0047             		DW		0xffff,0x0000,0x9a28,0x0047	; 実行可能セグメント32bit（bootpack用）
   287 0000C328                                 
   288 0000C328 0000                            		DW		0
   289 0000C32A                                 GDTR0:
   290 0000C32A 0017                            		DW		8*3-1
   291 0000C32C 0000C310                        		DD		GDT0
   292 0000C330                                 
   293 0000C330                                 		ALIGNB	16
   294 0000C330                                 bootpack:
